\BOOKMARK [1][-]{section.1}{\376\377\000I\000n\000t\000r\000o\000d\000u\000c\000t\000i\000o\000n}{}% 1
\BOOKMARK [1][-]{section.2}{\376\377\000L\000i\000t\000e\000r\000a\000t\000u\000r\000e\000\040\000S\000u\000r\000v\000e\000y}{}% 2
\BOOKMARK [2][-]{subsection.2.1}{\376\377\000I\000o\000T\000-\000B\000a\000s\000e\000d\000\040\000R\000e\000m\000o\000t\000e\000\040\000M\000o\000n\000i\000t\000o\000r\000i\000n\000g\000\040\000S\000y\000s\000t\000e\000m\000s}{section.2}% 3
\BOOKMARK [2][-]{subsection.2.2}{\376\377\000F\000a\000l\000l\000\040\000D\000e\000t\000e\000c\000t\000i\000o\000n\000\040\000S\000y\000s\000t\000e\000m\000s}{section.2}% 4
\BOOKMARK [2][-]{subsection.2.3}{\376\377\000G\000a\000i\000t\000\040\000A\000n\000a\000l\000y\000s\000i\000s\000\040\000a\000n\000d\000\040\000F\000a\000l\000l\000\040\000R\000i\000s\000k\000\040\000P\000r\000e\000d\000i\000c\000t\000i\000o\000n}{section.2}% 5
\BOOKMARK [2][-]{subsection.2.4}{\376\377\000M\000a\000c\000h\000i\000n\000e\000\040\000L\000e\000a\000r\000n\000i\000n\000g\000\040\000A\000p\000p\000r\000o\000a\000c\000h\000e\000s}{section.2}% 6
\BOOKMARK [2][-]{subsection.2.5}{\376\377\000D\000e\000e\000p\000\040\000L\000e\000a\000r\000n\000i\000n\000g\000\040\000a\000n\000d\000\040\000H\000y\000b\000r\000i\000d\000\040\000A\000p\000p\000r\000o\000a\000c\000h\000e\000s}{section.2}% 7
\BOOKMARK [1][-]{section.3}{\376\377\000R\000e\000s\000e\000a\000r\000c\000h\000\040\000G\000a\000p\000\040\000A\000n\000a\000l\000y\000s\000i\000s}{}% 8
\BOOKMARK [1][-]{section.4}{\376\377\000P\000r\000o\000b\000l\000e\000m\000\040\000S\000t\000a\000t\000e\000m\000e\000n\000t}{}% 9
\BOOKMARK [1][-]{section.5}{\376\377\000P\000r\000o\000p\000o\000s\000e\000d\000\040\000S\000y\000s\000t\000e\000m\000:\000\040\000G\000u\000a\000r\000d\000i\000a\000n\000\040\0003\0006\0000}{}% 10
\BOOKMARK [1][-]{section.6}{\376\377\000S\000y\000s\000t\000e\000m\000\040\000A\000r\000c\000h\000i\000t\000e\000c\000t\000u\000r\000e}{}% 11
\BOOKMARK [1][-]{section.7}{\376\377\000M\000e\000t\000h\000o\000d\000o\000l\000o\000g\000y}{}% 12
\BOOKMARK [2][-]{subsection.7.1}{\376\377\000D\000a\000t\000a\000\040\000A\000c\000q\000u\000i\000s\000i\000t\000i\000o\000n\000\040\000a\000n\000d\000\040\000P\000r\000e\000p\000r\000o\000c\000e\000s\000s\000i\000n\000g}{section.7}% 13
\BOOKMARK [2][-]{subsection.7.2}{\376\377\000G\000a\000i\000t\000\040\000F\000e\000a\000t\000u\000r\000e\000\040\000E\000x\000t\000r\000a\000c\000t\000i\000o\000n}{section.7}% 14
\BOOKMARK [2][-]{subsection.7.3}{\376\377\000F\000a\000l\000l\000\040\000R\000i\000s\000k\000\040\000S\000c\000o\000r\000i\000n\000g}{section.7}% 15
\BOOKMARK [1][-]{section.8}{\376\377\000C\000N\000N\000-\000G\000R\000U\000\040\000M\000o\000d\000e\000l\000\040\000A\000r\000c\000h\000i\000t\000e\000c\000t\000u\000r\000e}{}% 16
\BOOKMARK [2][-]{subsection.8.1}{\376\377\000C\000N\000N\000\040\000F\000e\000a\000t\000u\000r\000e\000\040\000E\000x\000t\000r\000a\000c\000t\000i\000o\000n\000\040\000L\000a\000y\000e\000r\000s}{section.8}% 17
\BOOKMARK [2][-]{subsection.8.2}{\376\377\000G\000R\000U\000\040\000T\000e\000m\000p\000o\000r\000a\000l\000\040\000L\000e\000a\000r\000n\000i\000n\000g\000\040\000L\000a\000y\000e\000r\000s}{section.8}% 18
\BOOKMARK [2][-]{subsection.8.3}{\376\377\000C\000l\000a\000s\000s\000i\000f\000i\000c\000a\000t\000i\000o\000n\000\040\000L\000a\000y\000e\000r}{section.8}% 19
\BOOKMARK [2][-]{subsection.8.4}{\376\377\000W\000h\000y\000\040\000G\000R\000U\000\040\000o\000v\000e\000r\000\040\000L\000S\000T\000M}{section.8}% 20
\BOOKMARK [1][-]{section.9}{\376\377\000D\000a\000t\000a\000s\000e\000t\000\040\000a\000n\000d\000\040\000D\000a\000t\000a\000\040\000C\000o\000l\000l\000e\000c\000t\000i\000o\000n}{}% 21
\BOOKMARK [2][-]{subsection.9.1}{\376\377\000P\000u\000b\000l\000i\000c\000\040\000D\000a\000t\000a\000s\000e\000t\000s}{section.9}% 22
\BOOKMARK [2][-]{subsection.9.2}{\376\377\000D\000a\000t\000a\000\040\000A\000u\000g\000m\000e\000n\000t\000a\000t\000i\000o\000n}{section.9}% 23
\BOOKMARK [2][-]{subsection.9.3}{\376\377\000D\000a\000t\000a\000s\000e\000t\000\040\000S\000t\000a\000t\000i\000s\000t\000i\000c\000s}{section.9}% 24
\BOOKMARK [1][-]{section.10}{\376\377\000H\000a\000r\000d\000w\000a\000r\000e\000\040\000a\000n\000d\000\040\000S\000o\000f\000t\000w\000a\000r\000e\000\040\000R\000e\000q\000u\000i\000r\000e\000m\000e\000n\000t\000s}{}% 25
\BOOKMARK [2][-]{subsection.10.1}{\376\377\000H\000a\000r\000d\000w\000a\000r\000e\000\040\000C\000o\000m\000p\000o\000n\000e\000n\000t\000s}{section.10}% 26
\BOOKMARK [2][-]{subsection.10.2}{\376\377\000S\000o\000f\000t\000w\000a\000r\000e\000\040\000S\000t\000a\000c\000k}{section.10}% 27
\BOOKMARK [1][-]{section.11}{\376\377\000E\000x\000p\000e\000r\000i\000m\000e\000n\000t\000a\000l\000\040\000S\000e\000t\000u\000p}{}% 28
\BOOKMARK [2][-]{subsection.11.1}{\376\377\000M\000o\000d\000e\000l\000\040\000T\000r\000a\000i\000n\000i\000n\000g\000\040\000C\000o\000n\000f\000i\000g\000u\000r\000a\000t\000i\000o\000n}{section.11}% 29
\BOOKMARK [2][-]{subsection.11.2}{\376\377\000M\000o\000d\000e\000l\000\040\000Q\000u\000a\000n\000t\000i\000z\000a\000t\000i\000o\000n}{section.11}% 30
\BOOKMARK [2][-]{subsection.11.3}{\376\377\000E\000v\000a\000l\000u\000a\000t\000i\000o\000n\000\040\000M\000e\000t\000r\000i\000c\000s}{section.11}% 31
\BOOKMARK [1][-]{section.12}{\376\377\000R\000e\000s\000u\000l\000t\000s\000\040\000a\000n\000d\000\040\000D\000i\000s\000c\000u\000s\000s\000i\000o\000n}{}% 32
\BOOKMARK [2][-]{subsection.12.1}{\376\377\000C\000l\000a\000s\000s\000i\000f\000i\000c\000a\000t\000i\000o\000n\000\040\000P\000e\000r\000f\000o\000r\000m\000a\000n\000c\000e}{section.12}% 33
\BOOKMARK [2][-]{subsection.12.2}{\376\377\000C\000o\000m\000p\000a\000r\000a\000t\000i\000v\000e\000\040\000A\000n\000a\000l\000y\000s\000i\000s}{section.12}% 34
\BOOKMARK [2][-]{subsection.12.3}{\376\377\000A\000n\000a\000l\000y\000s\000i\000s\000\040\000o\000f\000\040\000R\000e\000s\000u\000l\000t\000s}{section.12}% 35
\BOOKMARK [2][-]{subsection.12.4}{\376\377\000R\000e\000a\000l\000-\000t\000i\000m\000e\000\040\000P\000e\000r\000f\000o\000r\000m\000a\000n\000c\000e}{section.12}% 36
\BOOKMARK [2][-]{subsection.12.5}{\376\377\000P\000o\000w\000e\000r\000\040\000C\000o\000n\000s\000u\000m\000p\000t\000i\000o\000n\000\040\000A\000n\000a\000l\000y\000s\000i\000s}{section.12}% 37
\BOOKMARK [1][-]{section.13}{\376\377\000A\000d\000v\000a\000n\000t\000a\000g\000e\000s}{}% 38
\BOOKMARK [1][-]{section.14}{\376\377\000L\000i\000m\000i\000t\000a\000t\000i\000o\000n\000s}{}% 39
\BOOKMARK [1][-]{section.15}{\376\377\000F\000u\000t\000u\000r\000e\000\040\000S\000c\000o\000p\000e}{}% 40
\BOOKMARK [1][-]{section.16}{\376\377\000C\000o\000n\000c\000l\000u\000s\000i\000o\000n}{}% 41
\BOOKMARK [1][-]{section*.1}{\376\377\000R\000e\000f\000e\000r\000e\000n\000c\000e\000s}{}% 42
