This is pdfTeX, Version 3.141592653-2.6-1.40.27 (MiKTeX 25.3) (preloaded format=pdflatex 2025.4.20)  7 MAY 2026 01:36
entering extended mode
 restricted \write18 enabled.
 file:line:error style messages enabled.
 %&-line parsing enabled.
**"c:/Users/abhin/Desktop/School/JSSATE/IV/LaTeX/Conference Paper1/Draft4.tex"
(c:/Users/abhin/Desktop/School/JSSATE/IV/LaTeX/Conference Paper1/Draft4.tex
LaTeX2e <2024-11-01> patch level 2
L3 programming layer <2025-03-26>
(C:\Users\abhin\AppData\Local\Programs\MiKTeX\tex/latex/ieeetran\IEEEtran.cls
Document Class: IEEEtran 2015/08/26 V1.8b by Michael Shell
-- See the "IEEEtran_HOWTO" manual for usage information.
-- http://www.michaelshell.org/tex/ieeetran/
\@IEEEtrantmpdimenA=\dimen146
\@IEEEtrantmpdimenB=\dimen147
\@IEEEtrantmpdimenC=\dimen148
\@IEEEtrantmpcountA=\count197
\@IEEEtrantmpcountB=\count198
\@IEEEtrantmpcountC=\count199
\@IEEEtrantmptoksA=\toks17
LaTeX Font Info:    Trying to load font information for OT1+ptm on input line 503.
(C:\Users\abhin\AppData\Local\Programs\MiKTeX\tex/latex/psnfss\ot1ptm.fd
File: ot1ptm.fd 2001/06/04 font definitions for OT1/ptm.
)
-- Using 8.5in x 11in (letter) paper.
-- Using PDF output.
\@IEEEnormalsizeunitybaselineskip=\dimen149
-- This is a 10 point document.
\CLASSINFOnormalsizebaselineskip=\dimen150
\CLASSINFOnormalsizeunitybaselineskip=\dimen151
\IEEEnormaljot=\dimen152
LaTeX Font Info:    Font shape `OT1/ptm/bx/n' in size <5> not available
(Font)              Font shape `OT1/ptm/b/n' tried instead on input line 1090.
LaTeX Font Info:    Font shape `OT1/ptm/bx/it' in size <5> not available
(Font)              Font shape `OT1/ptm/b/it' tried instead on input line 1090.
LaTeX Font Info:    Font shape `OT1/ptm/bx/n' in size <7> not available
(Font)              Font shape `OT1/ptm/b/n' tried instead on input line 1090.
LaTeX Font Info:    Font shape `OT1/ptm/bx/it' in size <7> not available
(Font)              Font shape `OT1/ptm/b/it' tried instead on input line 1090.
LaTeX Font Info:    Font shape `OT1/ptm/bx/n' in size <8> not available
(Font)              Font shape `OT1/ptm/b/n' tried instead on input line 1090.
LaTeX Font Info:    Font shape `OT1/ptm/bx/it' in size <8> not available
(Font)              Font shape `OT1/ptm/b/it' tried instead on input line 1090.
LaTeX Font Info:    Font shape `OT1/ptm/bx/n' in size <9> not available
(Font)              Font shape `OT1/ptm/b/n' tried instead on input line 1090.
LaTeX Font Info:    Font shape `OT1/ptm/bx/it' in size <9> not available
(Font)              Font shape `OT1/ptm/b/it' tried instead on input line 1090.
LaTeX Font Info:    Font shape `OT1/ptm/bx/n' in size <10> not available
(Font)              Font shape `OT1/ptm/b/n' tried instead on input line 1090.
LaTeX Font Info:    Font shape `OT1/ptm/bx/it' in size <10> not available
(Font)              Font shape `OT1/ptm/b/it' tried instead on input line 1090.
LaTeX Font Info:    Font shape `OT1/ptm/bx/n' in size <11> not available
(Font)              Font shape `OT1/ptm/b/n' tried instead on input line 1090.
LaTeX Font Info:    Font shape `OT1/ptm/bx/it' in size <11> not available
(Font)              Font shape `OT1/ptm/b/it' tried instead on input line 1090.
LaTeX Font Info:    Font shape `OT1/ptm/bx/n' in size <12> not available
(Font)              Font shape `OT1/ptm/b/n' tried instead on input line 1090.
LaTeX Font Info:    Font shape `OT1/ptm/bx/it' in size <12> not available
(Font)              Font shape `OT1/ptm/b/it' tried instead on input line 1090.
LaTeX Font Info:    Font shape `OT1/ptm/bx/n' in size <17> not available
(Font)              Font shape `OT1/ptm/b/n' tried instead on input line 1090.
LaTeX Font Info:    Font shape `OT1/ptm/bx/it' in size <17> not available
(Font)              Font shape `OT1/ptm/b/it' tried instead on input line 1090.
LaTeX Font Info:    Font shape `OT1/ptm/bx/n' in size <20> not available
(Font)              Font shape `OT1/ptm/b/n' tried instead on input line 1090.
LaTeX Font Info:    Font shape `OT1/ptm/bx/it' in size <20> not available
(Font)              Font shape `OT1/ptm/b/it' tried instead on input line 1090.
LaTeX Font Info:    Font shape `OT1/ptm/bx/n' in size <24> not available
(Font)              Font shape `OT1/ptm/b/n' tried instead on input line 1090.
LaTeX Font Info:    Font shape `OT1/ptm/bx/it' in size <24> not available
(Font)              Font shape `OT1/ptm/b/it' tried instead on input line 1090.
\IEEEquantizedlength=\dimen153
\IEEEquantizedlengthdiff=\dimen154
\IEEEquantizedtextheightdiff=\dimen155
\IEEEilabelindentA=\dimen156
\IEEEilabelindentB=\dimen157
\IEEEilabelindent=\dimen158
\IEEEelabelindent=\dimen159
\IEEEdlabelindent=\dimen160
\IEEElabelindent=\dimen161
\IEEEiednormlabelsep=\dimen162
\IEEEiedmathlabelsep=\dimen163
\IEEEiedtopsep=\skip49
\c@section=\count266
\c@subsection=\count267
\c@subsubsection=\count268
\c@paragraph=\count269
\c@IEEEsubequation=\count270
\abovecaptionskip=\skip50
\belowcaptionskip=\skip51
\c@figure=\count271
\c@table=\count272
\@IEEEeqnnumcols=\count273
\@IEEEeqncolcnt=\count274
\@IEEEsubeqnnumrollback=\count275
\@IEEEquantizeheightA=\dimen164
\@IEEEquantizeheightB=\dimen165
\@IEEEquantizeheightC=\dimen166
\@IEEEquantizeprevdepth=\dimen167
\@IEEEquantizemultiple=\count276
\@IEEEquantizeboxA=\box53
\@IEEEtmpitemindent=\dimen168
\IEEEPARstartletwidth=\dimen169
\c@IEEEbiography=\count277
\@IEEEtranrubishbin=\box54
)
** ATTENTION: Overriding command lockouts (line 3).
(C:\Users\abhin\AppData\Local\Programs\MiKTeX\tex/latex/cite\cite.sty
LaTeX Info: Redefining \cite on input line 302.
LaTeX Info: Redefining \nocite on input line 332.
Package: cite 2015/02/27  v 5.5
) (C:\Users\abhin\AppData\Local\Programs\MiKTeX\tex/latex/amsmath\amsmath.sty
Package: amsmath 2024/11/05 v2.17t AMS math features
\@mathmargin=\skip52

For additional information on amsmath, use the `?' option.
(C:\Users\abhin\AppData\Local\Programs\MiKTeX\tex/latex/amsmath\amstext.sty
Package: amstext 2021/08/26 v2.01 AMS text
 (C:\Users\abhin\AppData\Local\Programs\MiKTeX\tex/latex/amsmath\amsgen.sty
File: amsgen.sty 1999/11/30 v2.0 generic functions
\@emptytoks=\toks18
\ex@=\dimen170
)) (C:\Users\abhin\AppData\Local\Programs\MiKTeX\tex/latex/amsmath\amsbsy.sty
Package: amsbsy 1999/11/29 v1.2d Bold Symbols
\pmbraise@=\dimen171
) (C:\Users\abhin\AppData\Local\Programs\MiKTeX\tex/latex/amsmath\amsopn.sty
Package: amsopn 2022/04/08 v2.04 operator names
)
\inf@bad=\count278
LaTeX Info: Redefining \frac on input line 233.
\uproot@=\count279
\leftroot@=\count280
LaTeX Info: Redefining \overline on input line 398.
LaTeX Info: Redefining \colon on input line 409.
\classnum@=\count281
\DOTSCASE@=\count282
LaTeX Info: Redefining \ldots on input line 495.
LaTeX Info: Redefining \dots on input line 498.
LaTeX Info: Redefining \cdots on input line 619.
\Mathstrutbox@=\box55
\strutbox@=\box56
LaTeX Info: Redefining \big on input line 721.
LaTeX Info: Redefining \Big on input line 722.
LaTeX Info: Redefining \bigg on input line 723.
LaTeX Info: Redefining \Bigg on input line 724.
\big@size=\dimen172
LaTeX Font Info:    Redeclaring font encoding OML on input line 742.
LaTeX Font Info:    Redeclaring font encoding OMS on input line 743.
\macc@depth=\count283
LaTeX Info: Redefining \bmod on input line 904.
LaTeX Info: Redefining \pmod on input line 909.
LaTeX Info: Redefining \smash on input line 939.
LaTeX Info: Redefining \relbar on input line 969.
LaTeX Info: Redefining \Relbar on input line 970.
\c@MaxMatrixCols=\count284
\dotsspace@=\muskip17
\c@parentequation=\count285
\dspbrk@lvl=\count286
\tag@help=\toks19
\row@=\count287
\column@=\count288
\maxfields@=\count289
\andhelp@=\toks20
\eqnshift@=\dimen173
\alignsep@=\dimen174
\tagshift@=\dimen175
\tagwidth@=\dimen176
\totwidth@=\dimen177
\lineht@=\dimen178
\@envbody=\toks21
\multlinegap=\skip53
\multlinetaggap=\skip54
\mathdisplay@stack=\toks22
LaTeX Info: Redefining \[ on input line 2953.
LaTeX Info: Redefining \] on input line 2954.
) (C:\Users\abhin\AppData\Local\Programs\MiKTeX\tex/latex/amsfonts\amssymb.sty
Package: amssymb 2013/01/14 v3.01 AMS font symbols
 (C:\Users\abhin\AppData\Local\Programs\MiKTeX\tex/latex/amsfonts\amsfonts.sty
Package: amsfonts 2013/01/14 v3.01 Basic AMSFonts support
\symAMSa=\mathgroup4
\symAMSb=\mathgroup5
LaTeX Font Info:    Redeclaring math symbol \hbar on input line 98.
LaTeX Font Info:    Overwriting math alphabet `\mathfrak' in version `bold'
(Font)                  U/euf/m/n --> U/euf/b/n on input line 106.
)) (C:\Users\abhin\AppData\Local\Programs\MiKTeX\tex/latex/algorithms\algorithmic.sty
Package: algorithmic 2009/08/24 v0.1 Document Style `algorithmic'
 (C:\Users\abhin\AppData\Local\Programs\MiKTeX\tex/latex/base\ifthen.sty
Package: ifthen 2024/03/16 v1.1e Standard LaTeX ifthen package (DPC)
) (C:\Users\abhin\AppData\Local\Programs\MiKTeX\tex/latex/graphics\keyval.sty
Package: keyval 2022/05/29 v1.15 key=value parser (DPC)
\KV@toks@=\toks23
)
\c@ALC@unique=\count290
\c@ALC@line=\count291
\c@ALC@rem=\count292
\c@ALC@depth=\count293
\ALC@tlm=\skip55
\algorithmicindent=\skip56
) (C:\Users\abhin\AppData\Local\Programs\MiKTeX\tex/latex/graphics\graphicx.sty
Package: graphicx 2021/09/16 v1.2d Enhanced LaTeX Graphics (DPC,SPQR)
 (C:\Users\abhin\AppData\Local\Programs\MiKTeX\tex/latex/graphics\graphics.sty
Package: graphics 2024/08/06 v1.4g Standard LaTeX Graphics (DPC,SPQR)
 (C:\Users\abhin\AppData\Local\Programs\MiKTeX\tex/latex/graphics\trig.sty
Package: trig 2023/12/02 v1.11 sin cos tan (DPC)
) (C:\Users\abhin\AppData\Local\Programs\MiKTeX\tex/latex/graphics-cfg\graphics.cfg
File: graphics.cfg 2016/06/04 v1.11 sample graphics configuration
)
Package graphics Info: Driver file: pdftex.def on input line 106.
 (C:\Users\abhin\AppData\Local\Programs\MiKTeX\tex/latex/graphics-def\pdftex.def
File: pdftex.def 2024/04/13 v1.2c Graphics/color driver for pdftex
))
\Gin@req@height=\dimen179
\Gin@req@width=\dimen180
) (C:\Users\abhin\AppData\Local\Programs\MiKTeX\tex/latex/base\textcomp.sty
Package: textcomp 2024/04/24 v2.1b Standard LaTeX package
) (C:\Users\abhin\AppData\Local\Programs\MiKTeX\tex/latex/xcolor\xcolor.sty
Package: xcolor 2024/09/29 v3.02 LaTeX color extensions (UK)
 (C:\Users\abhin\AppData\Local\Programs\MiKTeX\tex/latex/graphics-cfg\color.cfg
File: color.cfg 2016/01/02 v1.6 sample color configuration
)
Package xcolor Info: Driver file: pdftex.def on input line 274.
 (C:\Users\abhin\AppData\Local\Programs\MiKTeX\tex/latex/graphics\mathcolor.ltx)
Package xcolor Info: Model `cmy' substituted by `cmy0' on input line 1349.
Package xcolor Info: Model `hsb' substituted by `rgb' on input line 1353.
Package xcolor Info: Model `RGB' extended on input line 1365.
Package xcolor Info: Model `HTML' substituted by `rgb' on input line 1367.
Package xcolor Info: Model `Hsb' substituted by `hsb' on input line 1368.
Package xcolor Info: Model `tHsb' substituted by `hsb' on input line 1369.
Package xcolor Info: Model `HSB' substituted by `hsb' on input line 1370.
Package xcolor Info: Model `Gray' substituted by `gray' on input line 1371.
Package xcolor Info: Model `wave' substituted by `hsb' on input line 1372.
) (C:\Users\abhin\AppData\Local\Programs\MiKTeX\tex/latex/pgf/frontendlayer\tikz.sty (C:\Users\abhin\AppData\Local\Programs\MiKTeX\tex/latex/pgf/basiclayer\pgf.sty (C:\Users\abhin\AppData\Local\Programs\MiKTeX\tex/latex/pgf/utilities\pgfrcs.sty (C:\Users\abhin\AppData\Local\Programs\MiKTeX\tex/generic/pgf/utilities\pgfutil-common.tex
\pgfutil@everybye=\toks24
\pgfutil@tempdima=\dimen181
\pgfutil@tempdimb=\dimen182
) (C:\Users\abhin\AppData\Local\Programs\MiKTeX\tex/generic/pgf/utilities\pgfutil-latex.def
\pgfutil@abb=\box57
) (C:\Users\abhin\AppData\Local\Programs\MiKTeX\tex/generic/pgf/utilities\pgfrcs.code.tex (C:\Users\abhin\AppData\Local\Programs\MiKTeX\tex/generic/pgf\pgf.revision.tex)
Package: pgfrcs 2023-01-15 v3.1.10 (3.1.10)
))
Package: pgf 2023-01-15 v3.1.10 (3.1.10)
 (C:\Users\abhin\AppData\Local\Programs\MiKTeX\tex/latex/pgf/basiclayer\pgfcore.sty (C:\Users\abhin\AppData\Local\Programs\MiKTeX\tex/latex/pgf/systemlayer\pgfsys.sty (C:\Users\abhin\AppData\Local\Programs\MiKTeX\tex/generic/pgf/systemlayer\pgfsys.code.tex
Package: pgfsys 2023-01-15 v3.1.10 (3.1.10)
 (C:\Users\abhin\AppData\Local\Programs\MiKTeX\tex/generic/pgf/utilities\pgfkeys.code.tex
\pgfkeys@pathtoks=\toks25
\pgfkeys@temptoks=\toks26
 (C:\Users\abhin\AppData\Local\Programs\MiKTeX\tex/generic/pgf/utilities\pgfkeyslibraryfiltered.code.tex
\pgfkeys@tmptoks=\toks27
))
\pgf@x=\dimen183
\pgf@y=\dimen184
\pgf@xa=\dimen185
\pgf@ya=\dimen186
\pgf@xb=\dimen187
\pgf@yb=\dimen188
\pgf@xc=\dimen189
\pgf@yc=\dimen190
\pgf@xd=\dimen191
\pgf@yd=\dimen192
\w@pgf@writea=\write3
\r@pgf@reada=\read2
\c@pgf@counta=\count294
\c@pgf@countb=\count295
\c@pgf@countc=\count296
\c@pgf@countd=\count297
\t@pgf@toka=\toks28
\t@pgf@tokb=\toks29
\t@pgf@tokc=\toks30
\pgf@sys@id@count=\count298
 (C:\Users\abhin\AppData\Local\Programs\MiKTeX\tex/generic/pgf/systemlayer\pgf.cfg
File: pgf.cfg 2023-01-15 v3.1.10 (3.1.10)
)
Driver file for pgf: pgfsys-pdftex.def
 (C:\Users\abhin\AppData\Local\Programs\MiKTeX\tex/generic/pgf/systemlayer\pgfsys-pdftex.def
File: pgfsys-pdftex.def 2023-01-15 v3.1.10 (3.1.10)
 (C:\Users\abhin\AppData\Local\Programs\MiKTeX\tex/generic/pgf/systemlayer\pgfsys-common-pdf.def
File: pgfsys-common-pdf.def 2023-01-15 v3.1.10 (3.1.10)
))) (C:\Users\abhin\AppData\Local\Programs\MiKTeX\tex/generic/pgf/systemlayer\pgfsyssoftpath.code.tex
File: pgfsyssoftpath.code.tex 2023-01-15 v3.1.10 (3.1.10)
\pgfsyssoftpath@smallbuffer@items=\count299
\pgfsyssoftpath@bigbuffer@items=\count300
) (C:\Users\abhin\AppData\Local\Programs\MiKTeX\tex/generic/pgf/systemlayer\pgfsysprotocol.code.tex
File: pgfsysprotocol.code.tex 2023-01-15 v3.1.10 (3.1.10)
)) (C:\Users\abhin\AppData\Local\Programs\MiKTeX\tex/generic/pgf/basiclayer\pgfcore.code.tex
Package: pgfcore 2023-01-15 v3.1.10 (3.1.10)
 (C:\Users\abhin\AppData\Local\Programs\MiKTeX\tex/generic/pgf/math\pgfmath.code.tex (C:\Users\abhin\AppData\Local\Programs\MiKTeX\tex/generic/pgf/math\pgfmathutil.code.tex) (C:\Users\abhin\AppData\Local\Programs\MiKTeX\tex/generic/pgf/math\pgfmathparser.code.tex
\pgfmath@dimen=\dimen193
\pgfmath@count=\count301
\pgfmath@box=\box58
\pgfmath@toks=\toks31
\pgfmath@stack@operand=\toks32
\pgfmath@stack@operation=\toks33
) (C:\Users\abhin\AppData\Local\Programs\MiKTeX\tex/generic/pgf/math\pgfmathfunctions.code.tex) (C:\Users\abhin\AppData\Local\Programs\MiKTeX\tex/generic/pgf/math\pgfmathfunctions.basic.code.tex) (C:\Users\abhin\AppData\Local\Programs\MiKTeX\tex/generic/pgf/math\pgfmathfunctions.trigonometric.code.tex) (C:\Users\abhin\AppData\Local\Programs\MiKTeX\tex/generic/pgf/math\pgfmathfunctions.random.code.tex) (C:\Users\abhin\AppData\Local\Programs\MiKTeX\tex/generic/pgf/math\pgfmathfunctions.comparison.code.tex) (C:\Users\abhin\AppData\Local\Programs\MiKTeX\tex/generic/pgf/math\pgfmathfunctions.base.code.tex) (C:\Users\abhin\AppData\Local\Programs\MiKTeX\tex/generic/pgf/math\pgfmathfunctions.round.code.tex) (C:\Users\abhin\AppData\Local\Programs\MiKTeX\tex/generic/pgf/math\pgfmathfunctions.misc.code.tex) (C:\Users\abhin\AppData\Local\Programs\MiKTeX\tex/generic/pgf/math\pgfmathfunctions.integerarithmetics.code.tex) (C:\Users\abhin\AppData\Local\Programs\MiKTeX\tex/generic/pgf/math\pgfmathcalc.code.tex) (C:\Users\abhin\AppData\Local\Programs\MiKTeX\tex/generic/pgf/math\pgfmathfloat.code.tex
\c@pgfmathroundto@lastzeros=\count302
)) (C:\Users\abhin\AppData\Local\Programs\MiKTeX\tex/generic/pgf/math\pgfint.code.tex) (C:\Users\abhin\AppData\Local\Programs\MiKTeX\tex/generic/pgf/basiclayer\pgfcorepoints.code.tex
File: pgfcorepoints.code.tex 2023-01-15 v3.1.10 (3.1.10)
\pgf@picminx=\dimen194
\pgf@picmaxx=\dimen195
\pgf@picminy=\dimen196
\pgf@picmaxy=\dimen197
\pgf@pathminx=\dimen198
\pgf@pathmaxx=\dimen199
\pgf@pathminy=\dimen256
\pgf@pathmaxy=\dimen257
\pgf@xx=\dimen258
\pgf@xy=\dimen259
\pgf@yx=\dimen260
\pgf@yy=\dimen261
\pgf@zx=\dimen262
\pgf@zy=\dimen263
) (C:\Users\abhin\AppData\Local\Programs\MiKTeX\tex/generic/pgf/basiclayer\pgfcorepathconstruct.code.tex
File: pgfcorepathconstruct.code.tex 2023-01-15 v3.1.10 (3.1.10)
\pgf@path@lastx=\dimen264
\pgf@path@lasty=\dimen265
) (C:\Users\abhin\AppData\Local\Programs\MiKTeX\tex/generic/pgf/basiclayer\pgfcorepathusage.code.tex
File: pgfcorepathusage.code.tex 2023-01-15 v3.1.10 (3.1.10)
\pgf@shorten@end@additional=\dimen266
\pgf@shorten@start@additional=\dimen267
) (C:\Users\abhin\AppData\Local\Programs\MiKTeX\tex/generic/pgf/basiclayer\pgfcorescopes.code.tex
File: pgfcorescopes.code.tex 2023-01-15 v3.1.10 (3.1.10)
\pgfpic=\box59
\pgf@hbox=\box60
\pgf@layerbox@main=\box61
\pgf@picture@serial@count=\count303
) (C:\Users\abhin\AppData\Local\Programs\MiKTeX\tex/generic/pgf/basiclayer\pgfcoregraphicstate.code.tex
File: pgfcoregraphicstate.code.tex 2023-01-15 v3.1.10 (3.1.10)
\pgflinewidth=\dimen268
) (C:\Users\abhin\AppData\Local\Programs\MiKTeX\tex/generic/pgf/basiclayer\pgfcoretransformations.code.tex
File: pgfcoretransformations.code.tex 2023-01-15 v3.1.10 (3.1.10)
\pgf@pt@x=\dimen269
\pgf@pt@y=\dimen270
\pgf@pt@temp=\dimen271
) (C:\Users\abhin\AppData\Local\Programs\MiKTeX\tex/generic/pgf/basiclayer\pgfcorequick.code.tex
File: pgfcorequick.code.tex 2023-01-15 v3.1.10 (3.1.10)
) (C:\Users\abhin\AppData\Local\Programs\MiKTeX\tex/generic/pgf/basiclayer\pgfcoreobjects.code.tex
File: pgfcoreobjects.code.tex 2023-01-15 v3.1.10 (3.1.10)
) (C:\Users\abhin\AppData\Local\Programs\MiKTeX\tex/generic/pgf/basiclayer\pgfcorepathprocessing.code.tex
File: pgfcorepathprocessing.code.tex 2023-01-15 v3.1.10 (3.1.10)
) (C:\Users\abhin\AppData\Local\Programs\MiKTeX\tex/generic/pgf/basiclayer\pgfcorearrows.code.tex
File: pgfcorearrows.code.tex 2023-01-15 v3.1.10 (3.1.10)
\pgfarrowsep=\dimen272
) (C:\Users\abhin\AppData\Local\Programs\MiKTeX\tex/generic/pgf/basiclayer\pgfcoreshade.code.tex
File: pgfcoreshade.code.tex 2023-01-15 v3.1.10 (3.1.10)
\pgf@max=\dimen273
\pgf@sys@shading@range@num=\count304
\pgf@shadingcount=\count305
) (C:\Users\abhin\AppData\Local\Programs\MiKTeX\tex/generic/pgf/basiclayer\pgfcoreimage.code.tex
File: pgfcoreimage.code.tex 2023-01-15 v3.1.10 (3.1.10)
) (C:\Users\abhin\AppData\Local\Programs\MiKTeX\tex/generic/pgf/basiclayer\pgfcoreexternal.code.tex
File: pgfcoreexternal.code.tex 2023-01-15 v3.1.10 (3.1.10)
\pgfexternal@startupbox=\box62
) (C:\Users\abhin\AppData\Local\Programs\MiKTeX\tex/generic/pgf/basiclayer\pgfcorelayers.code.tex
File: pgfcorelayers.code.tex 2023-01-15 v3.1.10 (3.1.10)
) (C:\Users\abhin\AppData\Local\Programs\MiKTeX\tex/generic/pgf/basiclayer\pgfcoretransparency.code.tex
File: pgfcoretransparency.code.tex 2023-01-15 v3.1.10 (3.1.10)
) (C:\Users\abhin\AppData\Local\Programs\MiKTeX\tex/generic/pgf/basiclayer\pgfcorepatterns.code.tex
File: pgfcorepatterns.code.tex 2023-01-15 v3.1.10 (3.1.10)
) (C:\Users\abhin\AppData\Local\Programs\MiKTeX\tex/generic/pgf/basiclayer\pgfcorerdf.code.tex
File: pgfcorerdf.code.tex 2023-01-15 v3.1.10 (3.1.10)
))) (C:\Users\abhin\AppData\Local\Programs\MiKTeX\tex/generic/pgf/modules\pgfmoduleshapes.code.tex
File: pgfmoduleshapes.code.tex 2023-01-15 v3.1.10 (3.1.10)
\pgfnodeparttextbox=\box63
) (C:\Users\abhin\AppData\Local\Programs\MiKTeX\tex/generic/pgf/modules\pgfmoduleplot.code.tex
File: pgfmoduleplot.code.tex 2023-01-15 v3.1.10 (3.1.10)
) (C:\Users\abhin\AppData\Local\Programs\MiKTeX\tex/latex/pgf/compatibility\pgfcomp-version-0-65.sty
Package: pgfcomp-version-0-65 2023-01-15 v3.1.10 (3.1.10)
\pgf@nodesepstart=\dimen274
\pgf@nodesepend=\dimen275
) (C:\Users\abhin\AppData\Local\Programs\MiKTeX\tex/latex/pgf/compatibility\pgfcomp-version-1-18.sty
Package: pgfcomp-version-1-18 2023-01-15 v3.1.10 (3.1.10)
)) (C:\Users\abhin\AppData\Local\Programs\MiKTeX\tex/latex/pgf/utilities\pgffor.sty (C:\Users\abhin\AppData\Local\Programs\MiKTeX\tex/latex/pgf/utilities\pgfkeys.sty (C:\Users\abhin\AppData\Local\Programs\MiKTeX\tex/generic/pgf/utilities\pgfkeys.code.tex)) (C:\Users\abhin\AppData\Local\Programs\MiKTeX\tex/latex/pgf/math\pgfmath.sty (C:\Users\abhin\AppData\Local\Programs\MiKTeX\tex/generic/pgf/math\pgfmath.code.tex)) (C:\Users\abhin\AppData\Local\Programs\MiKTeX\tex/generic/pgf/utilities\pgffor.code.tex
Package: pgffor 2023-01-15 v3.1.10 (3.1.10)
\pgffor@iter=\dimen276
\pgffor@skip=\dimen277
\pgffor@stack=\toks34
\pgffor@toks=\toks35
)) (C:\Users\abhin\AppData\Local\Programs\MiKTeX\tex/generic/pgf/frontendlayer/tikz\tikz.code.tex
Package: tikz 2023-01-15 v3.1.10 (3.1.10)
 (C:\Users\abhin\AppData\Local\Programs\MiKTeX\tex/generic/pgf/libraries\pgflibraryplothandlers.code.tex
File: pgflibraryplothandlers.code.tex 2023-01-15 v3.1.10 (3.1.10)
\pgf@plot@mark@count=\count306
\pgfplotmarksize=\dimen278
)
\tikz@lastx=\dimen279
\tikz@lasty=\dimen280
\tikz@lastxsaved=\dimen281
\tikz@lastysaved=\dimen282
\tikz@lastmovetox=\dimen283
\tikz@lastmovetoy=\dimen284
\tikzleveldistance=\dimen285
\tikzsiblingdistance=\dimen286
\tikz@figbox=\box64
\tikz@figbox@bg=\box65
\tikz@tempbox=\box66
\tikz@tempbox@bg=\box67
\tikztreelevel=\count307
\tikznumberofchildren=\count308
\tikznumberofcurrentchild=\count309
\tikz@fig@count=\count310
 (C:\Users\abhin\AppData\Local\Programs\MiKTeX\tex/generic/pgf/modules\pgfmodulematrix.code.tex
File: pgfmodulematrix.code.tex 2023-01-15 v3.1.10 (3.1.10)
\pgfmatrixcurrentrow=\count311
\pgfmatrixcurrentcolumn=\count312
\pgf@matrix@numberofcolumns=\count313
)
\tikz@expandcount=\count314
 (C:\Users\abhin\AppData\Local\Programs\MiKTeX\tex/generic/pgf/frontendlayer/tikz/libraries\tikzlibrarytopaths.code.tex
File: tikzlibrarytopaths.code.tex 2023-01-15 v3.1.10 (3.1.10)
))) (C:\Users\abhin\AppData\Local\Programs\MiKTeX\tex/latex/booktabs\booktabs.sty
Package: booktabs 2020/01/12 v1.61803398 Publication quality tables
\heavyrulewidth=\dimen287
\lightrulewidth=\dimen288
\cmidrulewidth=\dimen289
\belowrulesep=\dimen290
\belowbottomsep=\dimen291
\aboverulesep=\dimen292
\abovetopsep=\dimen293
\cmidrulesep=\dimen294
\cmidrulekern=\dimen295
\defaultaddspace=\dimen296
\@cmidla=\count315
\@cmidlb=\count316
\@aboverulesep=\dimen297
\@belowrulesep=\dimen298
\@thisruleclass=\count317
\@lastruleclass=\count318
\@thisrulewidth=\dimen299
) (C:\Users\abhin\AppData\Local\Programs\MiKTeX\tex/latex/multirow\multirow.sty
Package: multirow 2024/11/12 v2.9 Span multiple rows of a table
\multirow@colwidth=\skip57
\multirow@cntb=\count319
\multirow@dima=\skip58
\bigstrutjot=\dimen300
) (C:\Users\abhin\AppData\Local\Programs\MiKTeX\tex/latex/tools\array.sty
Package: array 2024/10/17 v2.6g Tabular extension package (FMi)
\col@sep=\dimen301
\ar@mcellbox=\box68
\extrarowheight=\dimen302
\NC@list=\toks36
\extratabsurround=\skip59
\backup@length=\skip60
\ar@cellbox=\box69
) (C:\Users\abhin\AppData\Local\Programs\MiKTeX\tex/latex/hyperref\hyperref.sty
Package: hyperref 2024-11-05 v7.01l Hypertext links for LaTeX
 (C:\Users\abhin\AppData\Local\Programs\MiKTeX\tex/generic/iftex\iftex.sty
Package: iftex 2024/12/12 v1.0g TeX engine tests
) (C:\Users\abhin\AppData\Local\Programs\MiKTeX\tex/latex/kvsetkeys\kvsetkeys.sty
Package: kvsetkeys 2022-10-05 v1.19 Key value parser (HO)
) (C:\Users\abhin\AppData\Local\Programs\MiKTeX\tex/generic/kvdefinekeys\kvdefinekeys.sty
Package: kvdefinekeys 2019-12-19 v1.6 Define keys (HO)
) (C:\Users\abhin\AppData\Local\Programs\MiKTeX\tex/generic/pdfescape\pdfescape.sty
Package: pdfescape 2019/12/09 v1.15 Implements pdfTeX's escape features (HO)
 (C:\Users\abhin\AppData\Local\Programs\MiKTeX\tex/generic/ltxcmds\ltxcmds.sty
Package: ltxcmds 2023-12-04 v1.26 LaTeX kernel commands for general use (HO)
) (C:\Users\abhin\AppData\Local\Programs\MiKTeX\tex/generic/pdftexcmds\pdftexcmds.sty
Package: pdftexcmds 2020-06-27 v0.33 Utility functions of pdfTeX for LuaTeX (HO)
 (C:\Users\abhin\AppData\Local\Programs\MiKTeX\tex/generic/infwarerr\infwarerr.sty
Package: infwarerr 2019/12/03 v1.5 Providing info/warning/error messages (HO)
)
Package pdftexcmds Info: \pdf@primitive is available.
Package pdftexcmds Info: \pdf@ifprimitive is available.
Package pdftexcmds Info: \pdfdraftmode found.
)) (C:\Users\abhin\AppData\Local\Programs\MiKTeX\tex/latex/hycolor\hycolor.sty
Package: hycolor 2020-01-27 v1.10 Color options for hyperref/bookmark (HO)
) (C:\Users\abhin\AppData\Local\Programs\MiKTeX\tex/latex/hyperref\nameref.sty
Package: nameref 2023-11-26 v2.56 Cross-referencing by name of section
 (C:\Users\abhin\AppData\Local\Programs\MiKTeX\tex/latex/refcount\refcount.sty
Package: refcount 2019/12/15 v3.6 Data extraction from label references (HO)
) (C:\Users\abhin\AppData\Local\Programs\MiKTeX\tex/generic/gettitlestring\gettitlestring.sty
Package: gettitlestring 2019/12/15 v1.6 Cleanup title references (HO)
 (C:\Users\abhin\AppData\Local\Programs\MiKTeX\tex/latex/kvoptions\kvoptions.sty
Package: kvoptions 2022-06-15 v3.15 Key value format for package options (HO)
))
\c@section@level=\count320
) (C:\Users\abhin\AppData\Local\Programs\MiKTeX\tex/latex/etoolbox\etoolbox.sty
Package: etoolbox 2025/02/11 v2.5l e-TeX tools for LaTeX (JAW)
\etb@tempcnta=\count321
) (C:\Users\abhin\AppData\Local\Programs\MiKTeX\tex/generic/stringenc\stringenc.sty
Package: stringenc 2019/11/29 v1.12 Convert strings between diff. encodings (HO)
)
\@linkdim=\dimen303
\Hy@linkcounter=\count322
\Hy@pagecounter=\count323
 (C:\Users\abhin\AppData\Local\Programs\MiKTeX\tex/latex/hyperref\pd1enc.def
File: pd1enc.def 2024-11-05 v7.01l Hyperref: PDFDocEncoding definition (HO)
Now handling font encoding PD1 ...
... no UTF-8 mapping file for font encoding PD1
) (C:\Users\abhin\AppData\Local\Programs\MiKTeX\tex/generic/intcalc\intcalc.sty
Package: intcalc 2019/12/15 v1.3 Expandable calculations with integers (HO)
)
\Hy@SavedSpaceFactor=\count324
 (C:\Users\abhin\AppData\Local\Programs\MiKTeX\tex/latex/hyperref\puenc.def
File: puenc.def 2024-11-05 v7.01l Hyperref: PDF Unicode definition (HO)
Now handling font encoding PU ...
... no UTF-8 mapping file for font encoding PU
)
Package hyperref Info: Hyper figures OFF on input line 4157.
Package hyperref Info: Link nesting OFF on input line 4162.
Package hyperref Info: Hyper index ON on input line 4165.
Package hyperref Info: Plain pages OFF on input line 4172.
Package hyperref Info: Backreferencing OFF on input line 4177.
Package hyperref Info: Implicit mode ON; LaTeX internals redefined.
Package hyperref Info: Bookmarks ON on input line 4424.
\c@Hy@tempcnt=\count325
 (C:\Users\abhin\AppData\Local\Programs\MiKTeX\tex/latex/url\url.sty
\Urlmuskip=\muskip18
Package: url 2013/09/16  ver 3.4  Verb mode for urls, etc.
)
LaTeX Info: Redefining \url on input line 4763.
\XeTeXLinkMargin=\dimen304
 (C:\Users\abhin\AppData\Local\Programs\MiKTeX\tex/generic/bitset\bitset.sty
Package: bitset 2019/12/09 v1.3 Handle bit-vector datatype (HO)
 (C:\Users\abhin\AppData\Local\Programs\MiKTeX\tex/generic/bigintcalc\bigintcalc.sty
Package: bigintcalc 2019/12/15 v1.5 Expandable calculations on big integers (HO)
))
\Fld@menulength=\count326
\Field@Width=\dimen305
\Fld@charsize=\dimen306
Package hyperref Info: Hyper figures OFF on input line 6042.
Package hyperref Info: Link nesting OFF on input line 6047.
Package hyperref Info: Hyper index ON on input line 6050.
Package hyperref Info: backreferencing OFF on input line 6057.
Package hyperref Info: Link coloring OFF on input line 6062.
Package hyperref Info: Link coloring with OCG OFF on input line 6067.
Package hyperref Info: PDF/A mode OFF on input line 6072.
 (C:\Users\abhin\AppData\Local\Programs\MiKTeX\tex/latex/base\atbegshi-ltx.sty
Package: atbegshi-ltx 2021/01/10 v1.0c Emulation of the original atbegshi
package with kernel methods
)
\Hy@abspage=\count327
\c@Item=\count328
\c@Hfootnote=\count329
)
Package hyperref Info: Driver (autodetected): hpdftex.
 (C:\Users\abhin\AppData\Local\Programs\MiKTeX\tex/latex/hyperref\hpdftex.def
File: hpdftex.def 2024-11-05 v7.01l Hyperref driver for pdfTeX
 (C:\Users\abhin\AppData\Local\Programs\MiKTeX\tex/latex/base\atveryend-ltx.sty
Package: atveryend-ltx 2020/08/19 v1.0a Emulation of the original atveryend package
with kernel methods
)
\Fld@listcount=\count330
\c@bookmark@seq@number=\count331
 (C:\Users\abhin\AppData\Local\Programs\MiKTeX\tex/latex/rerunfilecheck\rerunfilecheck.sty
Package: rerunfilecheck 2025-06-21 v1.11 Rerun checks for auxiliary files (HO)
 (C:\Users\abhin\AppData\Local\Programs\MiKTeX\tex/generic/uniquecounter\uniquecounter.sty
Package: uniquecounter 2019/12/15 v1.4 Provide unlimited unique counter (HO)
)
Package uniquecounter Info: New unique counter `rerunfilecheck' on input line 284.
)
\Hy@SectionHShift=\skip61
) (C:\Users\abhin\AppData\Local\Programs\MiKTeX\tex/latex/float\float.sty
Package: float 2001/11/08 v1.3d Float enhancements (AL)
\c@float@type=\count332
\float@exts=\toks37
\float@box=\box70
\@float@everytoks=\toks38
\@floatcapt=\box71
)
(C:\Users\abhin\AppData\Local\Programs\MiKTeX\tex/generic/pgf/frontendlayer/tikz/libraries\tikzlibraryshapes.geometric.code.tex
File: tikzlibraryshapes.geometric.code.tex 2023-01-15 v3.1.10 (3.1.10)
 (C:\Users\abhin\AppData\Local\Programs\MiKTeX\tex/generic/pgf/libraries/shapes\pgflibraryshapes.geometric.code.tex
File: pgflibraryshapes.geometric.code.tex 2023-01-15 v3.1.10 (3.1.10)
)) (C:\Users\abhin\AppData\Local\Programs\MiKTeX\tex/generic/pgf/frontendlayer/tikz/libraries\tikzlibraryarrows.code.tex
File: tikzlibraryarrows.code.tex 2023-01-15 v3.1.10 (3.1.10)
 (C:\Users\abhin\AppData\Local\Programs\MiKTeX\tex/generic/pgf/libraries\pgflibraryarrows.code.tex
File: pgflibraryarrows.code.tex 2023-01-15 v3.1.10 (3.1.10)
\arrowsize=\dimen307
)) (C:\Users\abhin\AppData\Local\Programs\MiKTeX\tex/generic/pgf/frontendlayer/tikz/libraries\tikzlibrarypositioning.code.tex
File: tikzlibrarypositioning.code.tex 2023-01-15 v3.1.10 (3.1.10)
) (C:\Users\abhin\AppData\Local\Programs\MiKTeX\tex/generic/pgf/frontendlayer/tikz/libraries\tikzlibraryfit.code.tex
File: tikzlibraryfit.code.tex 2023-01-15 v3.1.10 (3.1.10)
) (C:\Users\abhin\AppData\Local\Programs\MiKTeX\tex/generic/pgf/frontendlayer/tikz/libraries\tikzlibrarycalc.code.tex
File: tikzlibrarycalc.code.tex 2023-01-15 v3.1.10 (3.1.10)
) (C:\Users\abhin\AppData\Local\Programs\MiKTeX\tex/latex/l3backend\l3backend-pdftex.def
File: l3backend-pdftex.def 2025-03-14 L3 backend support: PDF output (pdfTeX)
\l__color_backend_stack_int=\count333
) (Draft4.aux)
\openout1 = `Draft4.aux'.

LaTeX Font Info:    Checking defaults for OML/cmm/m/it on input line 27.
LaTeX Font Info:    ... okay on input line 27.
LaTeX Font Info:    Checking defaults for OMS/cmsy/m/n on input line 27.
LaTeX Font Info:    ... okay on input line 27.
LaTeX Font Info:    Checking defaults for OT1/cmr/m/n on input line 27.
LaTeX Font Info:    ... okay on input line 27.
LaTeX Font Info:    Checking defaults for T1/cmr/m/n on input line 27.
LaTeX Font Info:    ... okay on input line 27.
LaTeX Font Info:    Checking defaults for TS1/cmr/m/n on input line 27.
LaTeX Font Info:    ... okay on input line 27.
LaTeX Font Info:    Checking defaults for OMX/cmex/m/n on input line 27.
LaTeX Font Info:    ... okay on input line 27.
LaTeX Font Info:    Checking defaults for U/cmr/m/n on input line 27.
LaTeX Font Info:    ... okay on input line 27.
LaTeX Font Info:    Checking defaults for PD1/pdf/m/n on input line 27.
LaTeX Font Info:    ... okay on input line 27.
LaTeX Font Info:    Checking defaults for PU/pdf/m/n on input line 27.
LaTeX Font Info:    ... okay on input line 27.

-- Lines per column: 56 (exact).
(C:\Users\abhin\AppData\Local\Programs\MiKTeX\tex/context/base/mkii\supp-pdf.mkii
[Loading MPS to PDF converter (version 2006.09.02).]
\scratchcounter=\count334
\scratchdimen=\dimen308
\scratchbox=\box72
\nofMPsegments=\count335
\nofMParguments=\count336
\everyMPshowfont=\toks39
\MPscratchCnt=\count337
\MPscratchDim=\dimen309
\MPnumerator=\count338
\makeMPintoPDFobject=\count339
\everyMPtoPDFconversion=\toks40
) (C:\Users\abhin\AppData\Local\Programs\MiKTeX\tex/latex/epstopdf-pkg\epstopdf-base.sty
Package: epstopdf-base 2020-01-24 v2.11 Base part for package epstopdf
Package epstopdf-base Info: Redefining graphics rule for `.eps' on input line 485.
 (C:\Users\abhin\AppData\Local\Programs\MiKTeX\tex/latex/00miktex\epstopdf-sys.cfg
File: epstopdf-sys.cfg 2021/03/18 v2.0 Configuration of epstopdf for MiKTeX
))
Package hyperref Info: Link coloring OFF on input line 27.
 (Draft4.out) (Draft4.out)
\@outlinefile=\write4
\openout4 = `Draft4.out'.

LaTeX Font Info:    Calculating math sizes for size <11> on input line 38.
LaTeX Font Info:    Trying to load font information for U+msa on input line 38.
 (C:\Users\abhin\AppData\Local\Programs\MiKTeX\tex/latex/amsfonts\umsa.fd
File: umsa.fd 2013/01/14 v3.01 AMS symbols A
)
LaTeX Font Info:    Trying to load font information for U+msb on input line 38.
 (C:\Users\abhin\AppData\Local\Programs\MiKTeX\tex/latex/amsfonts\umsb.fd
File: umsb.fd 2013/01/14 v3.01 AMS symbols B
)
LaTeX Font Info:    Trying to load font information for OMS+ptm on input line 38.
 (C:\Users\abhin\AppData\Local\Programs\MiKTeX\tex/latex/psnfss\omsptm.fd
File: omsptm.fd 
)
LaTeX Font Info:    Font shape `OMS/ptm/m/n' in size <10> not available
(Font)              Font shape `OMS/cmsy/m/n' tried instead on input line 38.



Underfull \hbox (badness 1939) in paragraph at lines 60--61
\OT1/ptm/m/n/10 pho-to-plethys-mog-ra-phy (PPG), GPS, and emergency-
 []


Underfull \hbox (badness 2302) in paragraph at lines 62--63
[]\OT1/ptm/m/n/10 Experimental val-i-da-tion on three pub-lic bench-mark
 []



[1{C:/Users/abhin/AppData/Local/MiKTeX/fonts/map/pdftex/pdftex.map}{C:/Users/abhin/AppData/Local/Programs/MiKTeX/fonts/enc/dvips/base/8r.enc}


]


LaTeX Warning: Citation `b33' on page 2 undefined on input line 82.


LaTeX Warning: Citation `b34' on page 2 undefined on input line 82.


LaTeX Warning: Citation `b35' on page 2 undefined on input line 82.



[2]

LaTeX Warning: Citation `b36' on page 3 undefined on input line 94.


Underfull \hbox (badness 10000) in paragraph at lines 107--107
[]|\OT1/ptm/b/n/8 Best
 []


Underfull \hbox (badness 10000) in paragraph at lines 109--109
[]|\OT1/ptm/m/n/8 Attal et al.
 []


Underfull \hbox (badness 1803) in paragraph at lines 109--109
[]|\OT1/ptm/m/n/8 k-NN, SVM, RF,
 []


Underfull \hbox (badness 4805) in paragraph at lines 109--109
[]|\OT1/ptm/m/n/8 UCI HAR; 6
 []


Underfull \hbox (badness 10000) in paragraph at lines 109--109
[]|\OT1/ptm/m/n/8 99%
 []


Underfull \hbox (badness 10000) in paragraph at lines 111--111
[]|\OT1/ptm/m/n/8 Accel. +
 []


Underfull \hbox (badness 10000) in paragraph at lines 111--111
\OT1/ptm/m/n/8 CNN acous-tic;
 []


Underfull \hbox (badness 10000) in paragraph at lines 111--111
[]|\OT1/ptm/m/n/8 93%
 []


Underfull \hbox (badness 10000) in paragraph at lines 111--111
[]|\OT1/ptm/m/n/8 Accel. out-per-forms
 []


Underfull \hbox (badness 10000) in paragraph at lines 113--113
[]|\OT1/ptm/m/n/8 Ambrosini et
 []


Underfull \hbox (badness 3199) in paragraph at lines 113--113
[]|\OT1/ptm/m/n/8 Acoustic fea-tures;
 []


Underfull \hbox (badness 10000) in paragraph at lines 113--113
\OT1/ptm/m/n/8 LR, SVM, RF,
 []


Underfull \hbox (badness 4819) in paragraph at lines 113--113
[]|\OT1/ptm/m/n/8 90 Ital-ian el-
 []


Underfull \hbox (badness 10000) in paragraph at lines 113--113
[]|\OT1/ptm/m/n/8 80%
 []


Underfull \hbox (badness 10000) in paragraph at lines 115--115
[]|\OT1/ptm/m/n/8 Al-khafajiy et
 []


Underfull \hbox (badness 10000) in paragraph at lines 115--115
[]|\OT1/ptm/m/n/8 Real sen-sor
 []


Underfull \hbox (badness 10000) in paragraph at lines 115--115
[]|$\OML/cmm/m/it/8 <$\OT1/ptm/m/n/8 1 ms
 []


Underfull \hbox (badness 10000) in paragraph at lines 115--115
[]|\OT1/ptm/m/n/8 Low-latency re-mote
 []


Underfull \hbox (badness 2818) in paragraph at lines 117--117
[]|\OT1/ptm/m/n/8 IoT + MQTT +
 []


Underfull \hbox (badness 10000) in paragraph at lines 117--117
[]|\OT1/ptm/m/n/8 Reliable real-time
 []


Underfull \hbox (badness 10000) in paragraph at lines 117--118
[]|\OT1/ptm/m/n/8 No pre-dic-tive
 []


Underfull \hbox (badness 10000) in paragraph at lines 117--118
\OT1/ptm/m/n/8 in-tel-li-gence; no AI
 []


Overfull \hbox (1.74457pt too wide) in paragraph at lines 119--119
[]|\OT1/ptm/m/n/8 Mekruksavanich
 []


Underfull \hbox (badness 4995) in paragraph at lines 119--119
[]|\OT1/ptm/m/n/8 Aggregated resid-
 []


Underfull \hbox (badness 10000) in paragraph at lines 119--119
[]|\OT1/ptm/m/n/8 Simulated fall
 []


Underfull \hbox (badness 2529) in paragraph at lines 119--120
[]|\OT1/ptm/m/n/8 No em-bed-ded de-ploy-
 []


Underfull \hbox (badness 2538) in paragraph at lines 121--121
[]|\OT1/ptm/m/n/8 Mohammed &
 []


Underfull \hbox (badness 10000) in paragraph at lines 121--121
[]|\OT1/ptm/m/n/8 Reliable
 []


Underfull \hbox (badness 10000) in paragraph at lines 121--121
\OT1/ptm/m/n/8 phys-i-o-log-i-cal
 []


Underfull \hbox (badness 10000) in paragraph at lines 123--123
[]|\OT1/ptm/m/n/8 Real-time IoT
 []


Underfull \hbox (badness 10000) in paragraph at lines 123--124
[]|\OT1/ptm/m/n/8 Threshold-based only;
 []


Underfull \hbox (badness 10000) in paragraph at lines 125--125
[]|\OT1/ptm/m/n/8 Patel et al.
 []


Underfull \hbox (badness 10000) in paragraph at lines 125--125
[]|\OT1/ptm/m/n/8 Review: ac-cel.,
 []


Underfull \hbox (badness 10000) in paragraph at lines 125--125
\OT1/ptm/m/n/8 gyro., ML
 []


Underfull \hbox (badness 4001) in paragraph at lines 125--125
[]|\OT1/ptm/m/n/8 User com-pli-ance is
 []


Underfull \hbox (badness 10000) in paragraph at lines 127--127
[]|\OT1/ptm/m/n/8 Huang et al.
 []


Underfull \hbox (badness 4819) in paragraph at lines 127--127
\OT1/ptm/m/n/8 tures; SVM, RF,
 []


Underfull \hbox (badness 10000) in paragraph at lines 127--127
[]|\OT1/ptm/m/n/8 80.77%
 []


Underfull \hbox (badness 10000) in paragraph at lines 127--127
[]|\OT1/ptm/m/n/8 Linguistic fea-tures
 []


Underfull \hbox (badness 10000) in paragraph at lines 129--129
[]|\OT1/ptm/m/n/8 Lim et al.
 []


Underfull \hbox (badness 10000) in paragraph at lines 129--129
[]|\OT1/ptm/m/n/8 Computer vi-sion
 []


Underfull \hbox (badness 10000) in paragraph at lines 129--129
\OT1/ptm/m/n/8 gait fea-tures;
 []


Underfull \hbox (badness 6348) in paragraph at lines 129--129
[]|\OT1/ptm/m/n/8 MMU-FRiP +
 []


Underfull \hbox (badness 10000) in paragraph at lines 129--129
[]|\OT1/ptm/m/n/8 96%
 []


Underfull \hbox (badness 10000) in paragraph at lines 129--129
[]|\OT1/ptm/m/n/8 Temporal gait
 []


Underfull \hbox (badness 10000) in paragraph at lines 129--129
\OT1/ptm/m/n/8 fea-tures pre-dict
 []


Underfull \hbox (badness 2020) in paragraph at lines 129--130
[]|\OT1/ptm/m/n/8 No real-time wear-able
 []


Underfull \hbox (badness 7151) in paragraph at lines 131--131
[]|\OT1/ptm/m/n/8 Kumar et al.
 []


Underfull \hbox (badness 2635) in paragraph at lines 131--131
\OT1/ptm/m/n/8 sion; thresh-old +
 []


Underfull \hbox (badness 10000) in paragraph at lines 131--131
[]|\OT1/ptm/m/n/8 Sensor fu-sion
 []


LaTeX Warning: Citation `b33' on page 3 undefined on input line 133.


Underfull \hbox (badness 10000) in paragraph at lines 133--133
[]|\OT1/ptm/m/n/8 1D CNN;
 []


Underfull \hbox (badness 10000) in paragraph at lines 133--133
\OT1/ptm/m/n/8 au-to-matic fea-ture
 []


Underfull \hbox (badness 10000) in paragraph at lines 133--133
[]|\OT1/ptm/m/n/8 Wearable
 []


Underfull \hbox (badness 10000) in paragraph at lines 133--133
\OT1/ptm/m/n/8 ac-cel./gyro.
 []


Underfull \hbox (badness 10000) in paragraph at lines 133--133
[]|\OT1/ptm/m/n/8 High
 []


LaTeX Warning: Citation `b34' on page 3 undefined on input line 135.


Underfull \hbox (badness 10000) in paragraph at lines 135--135
[]|\OT1/ptm/m/n/8 Patel et al.
 []


Underfull \hbox (badness 10000) in paragraph at lines 135--135
[]|\OT1/ptm/m/n/8 RF, SVM,
 []


Underfull \hbox (badness 10000) in paragraph at lines 135--135
\OT1/ptm/m/n/8 De-ci-sion Trees;
 []


Underfull \hbox (badness 7576) in paragraph at lines 135--135
[]|\OT1/ptm/m/n/8 MobiAct, Sis-
 []


Underfull \hbox (badness 3019) in paragraph at lines 135--135
[]|\OT1/ptm/m/n/8 ML mod-els out-per-
 []


Underfull \hbox (badness 5417) in paragraph at lines 137--137
[]|\OT1/ptm/m/n/8 IMU + ECG +
 []


Underfull \hbox (badness 10000) in paragraph at lines 137--137
[]|\OT1/ptm/m/n/8 EmoWear; 49
 []


LaTeX Warning: Citation `b36' on page 3 undefined on input line 139.


Underfull \hbox (badness 10000) in paragraph at lines 139--139
[]|\OT1/ptm/m/n/8 Lee et al.
 []


Underfull \hbox (badness 10000) in paragraph at lines 139--139
[]|\OT1/ptm/m/n/8 Indoor video
 []


Underfull \hbox (badness 10000) in paragraph at lines 139--139
[]|\OT1/ptm/m/n/8 High
 []


LaTeX Warning: Citation `b37' on page 3 undefined on input line 141.


Underfull \hbox (badness 10000) in paragraph at lines 141--141
[]|\OT1/ptm/m/n/8 Verma et al.
 []


Underfull \hbox (badness 10000) in paragraph at lines 141--141
[]|\OT1/ptm/m/n/8 Wearable
 []


Underfull \hbox (badness 6445) in paragraph at lines 141--142
[]|\OT1/ptm/m/n/8 Simulated data; lacks
 []


Underfull \hbox (badness 10000) in paragraph at lines 143--143
[]|\OT1/ptm/m/n/8 Gaud et al.
 []


Underfull \hbox (badness 2245) in paragraph at lines 143--143
\OT1/ptm/m/n/8 STM; dual IMU;
 []


Underfull \hbox (badness 10000) in paragraph at lines 143--143
[]|\OT1/ptm/m/n/8 99.68%
 []


LaTeX Warning: Citation `b35' on page 3 undefined on input line 145.


Underfull \hbox (badness 3199) in paragraph at lines 145--145
[]|\OT1/ptm/m/n/8 Sharma et al.
 []


Underfull \hbox (badness 2635) in paragraph at lines 145--145
[]|\OT1/ptm/m/n/8 ESP8266 + Fire-
 []


Underfull \hbox (badness 2351) in paragraph at lines 145--145
[]|\OT1/ptm/m/n/8 Real-time alerts via
 []


Underfull \hbox (badness 2671) in paragraph at lines 147--147
[]|\OT1/ptm/m/n/8 Tsiakiri et al.
 []


Underfull \hbox (badness 10000) in paragraph at lines 147--147
[]|\OT1/ptm/m/n/8 Bibliometric
 []


Underfull \hbox (badness 10000) in paragraph at lines 147--147
[]|\OT1/ptm/m/n/8 126 peer-
 []


Underfull \hbox (badness 10000) in paragraph at lines 147--147
\OT1/ptm/m/n/8 reviewed
 []


Underfull \hbox (badness 10000) in paragraph at lines 147--147
[]|\OT1/ptm/m/n/8 Gait as dig-i-tal
 []


Underfull \hbox (badness 10000) in paragraph at lines 147--147
\OT1/ptm/m/n/8 biomarker for
 []


Underfull \hbox (badness 5637) in paragraph at lines 147--148
[]|\OT1/ptm/m/n/8 No stan-dard-ized real-
 []


Underfull \hbox (badness 10000) in paragraph at lines 149--149
[]|\OT1/ptm/m/n/8 Zhang et al.
 []


Underfull \hbox (badness 10000) in paragraph at lines 149--149
[]|\OT1/ptm/m/n/8 CNN + LSTM;
 []


Underfull \hbox (badness 10000) in paragraph at lines 149--149
[]|\OT1/ptm/m/n/8 Public fall
 []


Underfull \hbox (badness 10000) in paragraph at lines 149--149
[]|\OT1/ptm/m/n/8 High
 []


Underfull \hbox (badness 10000) in paragraph at lines 149--149
[]|\OT1/ptm/m/n/8 Improved tem-po-ral
 []


Underfull \hbox (badness 10000) in paragraph at lines 149--150
[]|\OT1/ptm/m/n/8 Needs real-world
 []


Underfull \hbox (badness 10000) in paragraph at lines 149--150
\OT1/ptm/m/n/8 dataset; no edge
 []


Underfull \hbox (badness 2538) in paragraph at lines 151--151
[]|\OT1/ptm/m/n/8 MDPI Sen-sors
 []


Underfull \hbox (badness 10000) in paragraph at lines 151--151
[]|$\OML/cmm/m/it/8 >$\OT1/ptm/m/n/8 95%
 []


Underfull \hbox (badness 10000) in paragraph at lines 151--152
[]|\OT1/ptm/m/n/8 Integration com-plex-ity
 []


Underfull \hbox (badness 10000) in paragraph at lines 153--153
[]|\OT1/ptm/m/n/8 Deshmukh
 []


Underfull \hbox (badness 5175) in paragraph at lines 153--153
[]|\OT1/ptm/m/n/8 IoT wear-ables +
 []


Underfull \hbox (badness 10000) in paragraph at lines 153--154
[]|\OT1/ptm/m/n/8 No
 []


Underfull \hbox (badness 10000) in paragraph at lines 153--154
\OT1/ptm/m/n/8 gait/behavioral/cognitive
 []


Underfull \hbox (badness 10000) in paragraph at lines 155--155
[]|\OT1/ptm/m/n/8 Ishaq et al.
 []


Underfull \hbox (badness 10000) in paragraph at lines 155--155
[]|\OT1/ptm/m/n/8 PRISMA re-view;
 []


Underfull \hbox (badness 10000) in paragraph at lines 155--155
[]|\OT1/ptm/m/n/8 130 re-search
 []


Underfull \hbox (badness 10000) in paragraph at lines 155--155
[]|$\OML/cmm/m/it/8 >$\OT1/ptm/m/n/8 95%
 []


Underfull \hbox (badness 10000) in paragraph at lines 155--156
[]|\OT1/ptm/m/n/8 Simulated en-vi-
 []


Underfull \hbox (badness 10000) in paragraph at lines 155--156
\OT1/ptm/m/n/8 ron-ments; no real
 []


Underfull \hbox (badness 10000) in paragraph at lines 157--157
[]|\OT1/ptm/m/n/8 Khalil et al.
 []


Underfull \hbox (badness 10000) in paragraph at lines 157--157
[]|\OT1/ptm/m/n/8 Wearable +
 []


Underfull \hbox (badness 2846) in paragraph at lines 157--157
\OT1/ptm/m/n/8 EHR + smart
 []


Underfull \hbox (badness 10000) in paragraph at lines 157--157
[]|\OT1/ptm/m/n/8 Proactive
 []


Underfull \hbox (badness 10000) in paragraph at lines 157--157
\OT1/ptm/m/n/8 per-son-al-ized el-derly
 []


Underfull \hbox (badness 10000) in paragraph at lines 161--161
[]|\OT1/ptm/m/n/8 CNN-GRU;
 []


Underfull \hbox (badness 10000) in paragraph at lines 161--161
\OT1/ptm/m/n/8 ESP32; IMU
 []


Underfull \hbox (badness 4608) in paragraph at lines 161--161
[]|\OT1/ptm/m/n/8 SisFall, Mo-bi-
 []


Underfull \hbox (badness 10000) in paragraph at lines 161--161
[]|\OT1/ptm/m/n/8 96.4%
 []


Underfull \hbox (badness 10000) in paragraph at lines 161--162
[]|\OT1/ptm/m/n/8 Real-world val-i-da-tion
 []


LaTeX Warning: Float too large for page by 74.23175pt on input line 164.


LaTeX Warning: Citation `b35' on page 3 undefined on input line 171.




Underfull \hbox (badness 2277) in paragraph at lines 190--191
[]\OT1/ptm/b/n/10 (1) Real-Time Fall De-tec-tion. \OT1/ptm/m/n/10 The MPU6050 IMU
 []



[3]
Overfull \hbox (75.5567pt too wide) in paragraph at lines 246--247
 [][] 
 []


Underfull \hbox (badness 1789) in paragraph at lines 261--262
[]\OT1/ptm/b/n/10 Sensor Fu-sion: \OT1/ptm/m/n/10 A com-ple-men-tary fil-ter fuses ac-
 []

LaTeX Font Info:    Trying to load font information for OT1+pcr on input line 272.
(C:\Users\abhin\AppData\Local\Programs\MiKTeX\tex/latex/psnfss\ot1pcr.fd
File: ot1pcr.fd 2001/06/04 font definitions for OT1/pcr.
)


LaTeX Warning: Citation `b32' on page 4 undefined on input line 382.



[4
pdfTeX warning (ext4): destination with the same identifier (name{figure.1}) has been already used, duplicate ignored
<argument> ...shipout:D \box_use:N \l_shipout_box 
                                                  \__shipout_drop_firstpage_...
l.387 
      ]



[5
pdfTeX warning (ext4): destination with the same identifier (name{figure.2}) has been already used, duplicate ignored
<argument> ...shipout:D \box_use:N \l_shipout_box 
                                                  \__shipout_drop_firstpage_...
l.467 \subsection
                 {Power Consumption}]

LaTeX Warning: Citation `b34' on page 6 undefined on input line 481.


LaTeX Warning: Citation `b33' on page 6 undefined on input line 481.


LaTeX Warning: Citation `b34' on page 6 undefined on input line 510.


LaTeX Warning: Citation `b33' on page 6 undefined on input line 510.


LaTeX Warning: Citation `b35' on page 6 undefined on input line 528.




Underfull \hbox (badness 1924) in paragraph at lines 539--540
[]\OT1/ptm/b/n/10 Multimodal Cog-ni-tive Mon-i-tor-ing: \OT1/ptm/m/n/10 In-te-gra-tion of
 []


Underfull \hbox (badness 3919) in paragraph at lines 540--541
[]\OT1/ptm/b/n/10 Emotion and Men-tal Health: \OT1/ptm/m/n/10 Build-ing on the
 []


LaTeX Warning: Citation `b34' on page 6 undefined on input line 547.


LaTeX Warning: Citation `b33' on page 6 undefined on input line 547.



[6]
Underfull \hbox (badness 10000) in paragraph at lines 566--567
[]\OT1/ptm/m/n/8 X. Zhang \OT1/ptm/m/it/8 et al.\OT1/ptm/m/n/8 , ``Ar-ti-fi-cial In-tel-li-gence for El-derly Fall
 []


Underfull \hbox (badness 10000) in paragraph at lines 566--567
\OT1/ptm/m/n/8 De-tec-tion: State-of-the-Art Meth-ods, Ap-pli-ca-tions and
 []


Underfull \hbox (badness 10000) in paragraph at lines 566--567
\OT1/ptm/m/n/8 Chal-lenges,'' \OT1/ptm/m/it/8 Re-search-Gate\OT1/ptm/m/n/8 , 2025. [On-line]. Avail-able:
 []


Underfull \hbox (badness 3199) in paragraph at lines 569--570
\OT1/ptm/m/n/8 H. Schwenk, and Y. Ben-gio, ``Learn-ing Phrase Rep-re-sen-ta-tions
 []


Underfull \hbox (badness 5908) in paragraph at lines 578--579
[]\OT1/ptm/m/n/8 R. Pas-rija \OT1/ptm/m/it/8 et al.\OT1/ptm/m/n/8 , ``En-abling In-de-pen-dence of El-derly Peo-ple
 []


Underfull \hbox (badness 10000) in paragraph at lines 578--579
\OT1/ptm/m/n/8 Us-ing IoT Tech-nol-ogy,'' in \OT1/ptm/m/it/8 Proc. IEEE Conf.\OT1/ptm/m/n/8 , 2025. DOI:
 []


Underfull \hbox (badness 3514) in paragraph at lines 581--582
[]\OT1/ptm/m/n/8 B. Mo-hammed and D. S. Hasan, ``Smart Health-care Mon-i-tor-
 []


Underfull \hbox (badness 2253) in paragraph at lines 584--585
\OT1/ptm/m/n/8 Wear-able Sen-sors,'' \OT1/ptm/m/it/8 Mul-ti-me-dia Tools and Ap-pli-ca-tions\OT1/ptm/m/n/8 , vol. 78,
 []


Underfull \hbox (badness 10000) in paragraph at lines 608--609
[]\OT1/ptm/m/n/8 S. S. Setu, ``Smart Home So-lu-tions for El-derly Care,''
 []


Underfull \hbox (badness 10000) in paragraph at lines 608--609
\OT1/ptm/m/n/8 in \OT1/ptm/m/it/8 Proc. IEEE Xplore Conf.\OT1/ptm/m/n/8 , 2024. [On-line]. Avail-able:
 []




Underfull \hbox (badness 8094) in paragraph at lines 614--615
[]\OT1/ptm/m/n/8 S. Desh-mukh, ``An IoT-Enabled Smart Health-care Mon-i-tor-ing
 []


Underfull \hbox (badness 10000) in paragraph at lines 614--615
\OT1/ptm/m/n/8 Sys-tem Us-ing Ma-chine Learn-ing for Early Health Risk
 []


Underfull \hbox (badness 10000) in paragraph at lines 614--615
\OT1/ptm/m/n/8 Pre-dic-tion,'' \OT1/ptm/m/it/8 Re-search-Gate\OT1/ptm/m/n/8 , 2026. [On-line]. Avail-able:
 []


Underfull \hbox (badness 1577) in paragraph at lines 620--621
[]\OT1/ptm/m/n/8 R. Au-gastiny \OT1/ptm/m/it/8 et al.\OT1/ptm/m/n/8 , ``IoT Based Health Mon-i-tor-ing Sys-tem for
 []


Underfull \hbox (badness 3118) in paragraph at lines 623--624
[]\OT1/ptm/m/n/8 Ch. Raviku-mar, P. Sud-heer, and P. D. Ku-mar, ``An Overview
 []


Underfull \hbox (badness 3769) in paragraph at lines 623--624
\OT1/ptm/m/n/8 of Re-mote Pa-tient Mon-i-tor-ing for Im-proved Pa-tient Care and
 []


Underfull \hbox (badness 1946) in paragraph at lines 623--624
\OT1/ptm/m/n/8 Cost Re-duc-tion: The IoT Rev-o-lu-tion-iz-ing Health-care,'' \OT1/ptm/m/it/8 Ed-u-ca-tion
 []


Underfull \hbox (badness 10000) in paragraph at lines 632--633
[]\OT1/ptm/m/n/8 E. Am-brosini \OT1/ptm/m/it/8 et al.\OT1/ptm/m/n/8 , ``Au-to-matic Speech Anal-y-sis to Early
 []


Underfull \hbox (badness 10000) in paragraph at lines 632--633
\OT1/ptm/m/n/8 De-tect Func-tional Cog-ni-tive De-cline in El-derly Pop-u-la-tion,''
 []


Underfull \hbox (badness 10000) in paragraph at lines 632--633
\OT1/ptm/m/n/8 in \OT1/ptm/m/it/8 Proc. 41st Annu. Int. Conf. IEEE EMBC\OT1/ptm/m/n/8 , Berlin,
 []


Underfull \hbox (badness 10000) in paragraph at lines 632--633
\OT1/ptm/m/n/8 Ger-many, Jul. 2019, pp. 4647--4650. [On-line]. Avail-able:
 []


Overfull \hbox (55.47697pt too wide) in paragraph at lines 632--633
\OT1/ptm/m/n/8 https://re.public.polimi.it/bitstream/11311/1120545/1/Ambrosini[]EMBC2019[]revised.pdf 
 []


Underfull \hbox (badness 10000) in paragraph at lines 638--639
[]\OT1/ptm/m/n/8 H. G. Har-ish, ``AI-Powered Guider So-lu-tion for Pa-tients
 []


Underfull \hbox (badness 10000) in paragraph at lines 638--639
\OT1/ptm/m/n/8 with Alzheimer's Dis-ease,'' 2025. [On-line]. Avail-able:
 []


** Conference Paper **
Before submitting the final camera ready copy, remember to:

 1. Manually equalize the lengths of two columns on the last page
 of your paper;

 2. Ensure that any PostScript and/or PDF output post-processing
 uses only Type 1 fonts and that every step in the generation
 process uses the appropriate paper size.



[7] [8
pdfTeX warning (ext4): destination with the same identifier (name{table.1}) has been already used, duplicate ignored
<argument> ...shipout:D \box_use:N \l_shipout_box 
                                                  \__shipout_drop_firstpage_...
l.648 \end{document}
                    ]



[9
pdfTeX warning (ext4): destination with the same identifier (name{table.2}) has been already used, duplicate ignored
<argument> ...shipout:D \box_use:N \l_shipout_box 
                                                  \__shipout_drop_firstpage_...
l.648 \end{document}
                    
pdfTeX warning (ext4): destination with the same identifier (name{table.3}) has been already used, duplicate ignored
<argument> ...shipout:D \box_use:N \l_shipout_box 
                                                  \__shipout_drop_firstpage_...
l.648 \end{document}
                    


] [10
pdfTeX warning (ext4): destination with the same identifier (name{table.4}) has been already used, duplicate ignored
<argument> ...shipout:D \box_use:N \l_shipout_box 
                                                  \__shipout_drop_firstpage_...
l.648 \end{document}
                    ] (Draft4.aux)
 ***********
LaTeX2e <2024-11-01> patch level 2
L3 programming layer <2025-03-26>
 ***********


LaTeX Warning: There were undefined references.

Package rerunfilecheck Info: File `Draft4.out' has not changed.
(rerunfilecheck)             Checksum: 53EA0E8DCE7F8E9B8A771B4A9830F64E;6988.
 ) 
Here is how much of TeX's memory you used:
 23130 strings out of 469959
 438703 string characters out of 5469834
 860443 words of memory out of 5000000
 49401 multiletter control sequences out of 15000+600000
 675171 words of font info for 141 fonts, out of 8000000 for 9000
 1141 hyphenation exceptions out of 8191
 84i,11n,87p,2019b,842s stack positions out of 10000i,1000n,20000p,200000b,200000s
<C:/Users/abhin/AppData/Local/Programs/MiKTeX/fonts/type1/public/amsfonts/cm/cmbx10.pfb><C:/Users/abhin/AppData/Local/Programs/MiKTeX/fonts/type1/public/amsfonts/cm/cmex10.pfb><C:/Users/abhin/AppData/Local/Programs/MiKTeX/fonts/type1/public/amsfonts/cm/cmmi10.pfb><C:/Users/abhin/AppData/Local/Programs/MiKTeX/fonts/type1/public/amsfonts/cm/cmmi7.pfb><C:/Users/abhin/AppData/Local/Programs/MiKTeX/fonts/type1/public/amsfonts/cm/cmmi8.pfb><C:/Users/abhin/AppData/Local/Programs/MiKTeX/fonts/type1/public/amsfonts/cm/cmr10.pfb><C:/Users/abhin/AppData/Local/Programs/MiKTeX/fonts/type1/public/amsfonts/cm/cmr6.pfb><C:/Users/abhin/AppData/Local/Programs/MiKTeX/fonts/type1/public/amsfonts/cm/cmr7.pfb><C:/Users/abhin/AppData/Local/Programs/MiKTeX/fonts/type1/public/amsfonts/cm/cmr8.pfb><C:/Users/abhin/AppData/Local/Programs/MiKTeX/fonts/type1/public/amsfonts/cm/cmsy10.pfb><C:/Users/abhin/AppData/Local/Programs/MiKTeX/fonts/type1/public/amsfonts/cm/cmsy7.pfb><C:/Users/abhin/AppData/Local/Programs/MiKTeX/fonts/type1/public/amsfonts/cm/cmsy8.pfb><C:/Users/abhin/AppData/Local/Programs/MiKTeX/fonts/type1/public/amsfonts/symbols/msbm10.pfb><C:/Users/abhin/AppData/Local/Programs/MiKTeX/fonts/type1/urw/courier/ucrr8a.pfb><C:/Users/abhin/AppData/Local/Programs/MiKTeX/fonts/type1/urw/times/utmb8a.pfb><C:/Users/abhin/AppData/Local/Programs/MiKTeX/fonts/type1/urw/times/utmbi8a.pfb><C:/Users/abhin/AppData/Local/Programs/MiKTeX/fonts/type1/urw/times/utmr8a.pfb><C:/Users/abhin/AppData/Local/Programs/MiKTeX/fonts/type1/urw/times/utmri8a.pfb>
Output written on Draft4.pdf (10 pages, 302236 bytes).
PDF statistics:
 504 PDF objects out of 1000 (max. 8388607)
 120 named destinations out of 1000 (max. 500000)
 349 words of extra memory for PDF output out of 10000 (max. 10000000)

